<?xml version="1.0" encoding="utf-8"?><testsuites name="pytest tests"><testsuite name="pytest" errors="0" failures="0" skipped="0" tests="6" time="1.273" timestamp="2026-09-22T05:55:05.643436+00:00" hostname="agent-env-ac0dfa53-fe73-49f3-88a1-69d663add434"><testcase classname="tests.test_iter20_audio_estimate.TestEstimateMatches" name="test_it_estimate_matches_full_doc" time="0.411" /><testcase classname="tests.test_iter20_audio_estimate.TestListMinutesShape" name="test_all_stories_have_positive_minutes" time="0.155" /><testcase classname="tests.test_iter20_audio_estimate.TestListMinutesShape" name="test_reading_equals_deep_dive_in_list" time="0.000" /><testcase classname="tests.test_iter20_audio_estimate.TestEnglishTranslation" name="test_en_estimate_matches_translated_text" time="0.033" /><testcase classname="tests.test_iter20_audio_estimate.TestEstimateMatches" name="test_list_and_detail_agree_it" time="0.240" /><testcase classname="tests.test_iter20_audio_estimate.TestConsistencyAcrossLangs" name="test_en_list_matches_en_detail" time="0.259" /></testsuite></testsuites>